<?xml version="1.0" encoding="UTF-8"?>
<!-- Generated by org.testng.reporters.JUnitReportReporter -->
<testsuite hostname="ISBLT-6892" failures="0" tests="9" name="Testcases.Testcasesarabic" time="65.473" errors="0" timestamp="2021-06-04T15:39:39 PKT" skipped="0">
  <testcase classname="Testcases.Testcasesarabic" name="T04_arabic_click_facebook_loginbutton" time="5.143"/>
  <system-out/>
  <testcase classname="Testcases.Testcasesarabic" name="T00_arabic_xclickPopUp_noThanksButton" time="10.435"/>
  <system-out/>
  <testcase classname="Testcases.Testcasesarabic" name="T03_arabic_entercred" time="1.506"/>
  <system-out/>
  <testcase classname="Testcases.Testcasesarabic" name="T00_arabic_clickPopUp_noThanksButton" time="5.351"/>
  <system-out/>
  <testcase classname="Testcases.Testcasesarabic" name="T02_arabic_clickfacebook_button" time="5.360"/>
  <system-out/>
  <testcase classname="Testcases.Testcasesarabic" name="T05_clickclothing" time="24.651"/>
  <system-out/>
  <testcase classname="Testcases.Testcasesarabic" name="T01_arabic_clickAccountButton" time="0.569"/>
  <system-out/>
  <testcase classname="Testcases.Testcasesarabic" name="T00_arabic_switcharabiclang" time="0.280"/>
  <system-out/>
  <testcase classname="Testcases.Testcasesarabic" name="T06_arabic_Scrolldown" time="12.178"/>
  <system-out/>
</testsuite> <!-- Testcases.Testcasesarabic -->
