<?xml version="1.0" encoding="UTF-8"?>
<!-- Generated by org.testng.reporters.JUnitReportReporter -->
<testsuite hostname="ISBLT-6892" failures="0" tests="8" name="Testcases.Testcases" time="50.597" errors="0" timestamp="2021-06-04T15:39:39 PKT" skipped="0">
  <testcase classname="Testcases.Testcases" name="T01_clickAccountButton" time="0.430"/>
  <system-out/>
  <testcase classname="Testcases.Testcases" name="T00_clickPopUp_noThanksButton" time="5.318"/>
  <system-out/>
  <testcase classname="Testcases.Testcases" name="T04_click_facebook_loginbutton" time="5.300"/>
  <system-out/>
  <testcase classname="Testcases.Testcases" name="T05_verifysuccessfullyloggedin" time="9.780"/>
  <system-out/>
  <testcase classname="Testcases.Testcases" name="T06_clickclothing" time="6.928"/>
  <system-out/>
  <testcase classname="Testcases.Testcases" name="T07_Scrolldown" time="13.722"/>
  <system-out/>
  <testcase classname="Testcases.Testcases" name="T02_clickfacebook_button" time="5.315"/>
  <system-out/>
  <testcase classname="Testcases.Testcases" name="T03_entercred" time="3.804"/>
  <system-out/>
</testsuite> <!-- Testcases.Testcases -->
