<?xml version="1.0" encoding="UTF-8"?>
<!-- Generated by org.testng.reporters.JUnitReportReporter -->
<testsuite hostname="ISBLT-6892" failures="0" tests="16" name="Testcases.loginRegisterT" time="70.794" errors="0" timestamp="2021-06-02T21:55:34 PKT" skipped="0">
  <testcase classname="Testcases.loginRegisterT" name="T15_clickbagbuttontoviewcart" time="7.789"/>
  <system-out/>
  <testcase classname="Testcases.loginRegisterT" name="T00_clickPopUp_noThanksButton" time="5.128"/>
  <system-out/>
  <testcase classname="Testcases.loginRegisterT" name="T05_emaildisableverification" time="0.038"/>
  <system-out/>
  <testcase classname="Testcases.loginRegisterT" name="T04_clickeditbutton" time="6.086"/>
  <system-out/>
  <testcase classname="Testcases.loginRegisterT" name="T06_emailVerification" time="0.028"/>
  <system-out/>
  <testcase classname="Testcases.loginRegisterT" name="T13_clickbagbuttontoviewcart" time="6.392"/>
  <system-out/>
  <testcase classname="Testcases.loginRegisterT" name="T01_clickAccountButton" time="7.746"/>
  <system-out/>
  <testcase classname="Testcases.loginRegisterT" name="T11_selectsize" time="4.187"/>
  <system-out/>
  <testcase classname="Testcases.loginRegisterT" name="T12_clickaddtobagbtn" time="5.086"/>
  <system-out/>
  <testcase classname="Testcases.loginRegisterT" name="T07_hoverClothingNavigationOption" time="8.718"/>
  <system-out/>
  <testcase classname="Testcases.loginRegisterT" name="T03_goingToAccountsPage" time="15.938"/>
  <system-out/>
  <testcase classname="Testcases.loginRegisterT" name="T02_fillregistrationform" time="0.574"/>
  <system-out/>
  <testcase classname="Testcases.loginRegisterT" name="T14_verifyitemname" time="0.063"/>
  <system-out/>
  <testcase classname="Testcases.loginRegisterT" name="T08_clickingAnItempant" time="0.859"/>
  <system-out/>
  <testcase classname="Testcases.loginRegisterT" name="T09_gettingitem1name" time="2.047"/>
  <system-out/>
  <testcase classname="Testcases.loginRegisterT" name="T10_selectcolor" time="0.115"/>
  <system-out/>
</testsuite> <!-- Testcases.loginRegisterT -->
